<?xml version="1.0" encoding="UTF-8"?>
<!-- Generated by org.testng.reporters.JUnitReportReporter -->
<testsuite hostname="360NDCPC104" name="com.phptravels.TestScripts.UserLogin" tests="1" failures="0" timestamp="20 Sep 2017 12:00:31 GMT" time="7.797" errors="0">
  <testcase name="validLogin" time="7.797" classname="com.phptravels.TestScripts.UserLogin"/>
</testsuite> <!-- com.phptravels.TestScripts.UserLogin -->
