<?xml version="1.0" encoding="UTF-8"?>
<!-- Generated by org.testng.reporters.JUnitReportReporter -->
<testsuite hostname="360NDCPC104" name="com.phptravels.TestScripts.UserLogin" tests="4" failures="0" timestamp="22 Sep 2017 05:48:14 GMT" time="27.769" errors="0">
  <testcase name="loginWithInvalidUserName" time="6.659" classname="com.phptravels.TestScripts.UserLogin"/>
  <testcase name="validLogin" time="7.664" classname="com.phptravels.TestScripts.UserLogin"/>
  <testcase name="loginWithblankFileds" time="6.508" classname="com.phptravels.TestScripts.UserLogin"/>
  <testcase name="loginWithInvalidPassword" time="6.938" classname="com.phptravels.TestScripts.UserLogin"/>
</testsuite> <!-- com.phptravels.TestScripts.UserLogin -->
