<?xml version="1.0" encoding="UTF-8"?>
<!-- Generated by org.testng.reporters.JUnitReportReporter -->
<testsuite hostname="360NDCPC104" name="com.phptravels.TestScripts.UserLogin" tests="1" failures="0" timestamp="18 Sep 2017 06:18:45 GMT" time="0.416" errors="0">
  <testcase name="testLogin" time="0.416" classname="com.phptravels.TestScripts.UserLogin"/>
</testsuite> <!-- com.phptravels.TestScripts.UserLogin -->
