<?xml version="1.0" encoding="UTF-8"?>
<!-- Generated by org.testng.reporters.JUnitReportReporter -->
<testsuite hostname="360NDCPC104" name="com.multiBrowseTesting.BrowserTypeTest" tests="1" failures="0" timestamp="14 Sep 2017 10:39:29 GMT" time="39.555" errors="0">
  <testcase name="setUp" time="39.555" classname="com.multiBrowseTesting.BrowserTypeTest"/>
</testsuite> <!-- com.multiBrowseTesting.BrowserTypeTest -->
