<?xml version="1.0" encoding="UTF-8"?>
<!-- Generated by org.testng.reporters.JUnitReportReporter -->
<testsuite hostname="360NDCPC104" name="com.wrapperclass.Grouping" tests="5" failures="0" timestamp="12 Sep 2017 08:00:56 GMT" time="0.025" errors="0">
  <testcase name="Scooter2" time="0.003" classname="com.wrapperclass.Grouping"/>
  <testcase name="Car1" time="0.008" classname="com.wrapperclass.Grouping"/>
  <testcase name="Scooter1" time="0.009" classname="com.wrapperclass.Grouping"/>
  <testcase name="Car2" time="0.004" classname="com.wrapperclass.Grouping"/>
  <testcase name="Sedan1" time="0.001" classname="com.wrapperclass.Grouping"/>
</testsuite> <!-- com.wrapperclass.Grouping -->
