<?xml version="1.0" encoding="UTF-8"?>
<!-- Generated by org.testng.reporters.JUnitReportReporter -->
<testsuite hostname="360NDCPC104" name="com.pagescroll.PageScroll" tests="1" failures="0" timestamp="22 Sep 2017 05:37:01 GMT" time="0.032" errors="0">
  <testcase name="countSections" time="0.032" classname="com.pagescroll.PageScroll"/>
</testsuite> <!-- com.pagescroll.PageScroll -->
