<?xml version="1.0" encoding="UTF-8"?>
<!-- Generated by org.testng.reporters.JUnitReportReporter -->
<testsuite hostname="360NDCPC104" name="com.automation.practice.PasswordVerification" tests="1" failures="0" timestamp="25 Sep 2017 11:16:34 GMT" time="8.919" errors="0">
  <testcase name="fbPassword" time="8.919" classname="com.automation.practice.PasswordVerification"/>
</testsuite> <!-- com.automation.practice.PasswordVerification -->
