<?xml version="1.0" encoding="UTF-8"?>
<!-- Generated by org.testng.reporters.JUnitReportReporter -->
<testsuite hostname="360NDCPC104" name="com.automation.practice.DynamicDropdownValueSelection" tests="1" failures="0" timestamp="25 Sep 2017 06:13:43 GMT" time="35.601" errors="0">
  <testcase name="dynamicValueSelection" time="35.601" classname="com.automation.practice.DynamicDropdownValueSelection"/>
</testsuite> <!-- com.automation.practice.DynamicDropdownValueSelection -->
