<?xml version="1.0" encoding="UTF-8"?>
<!-- Generated by org.testng.reporters.JUnitReportReporter -->
<testsuite hostname="360NDCPC104" name="com.learnings.test.LinkedListExample" tests="1" failures="0" timestamp="28 Aug 2017 12:29:33 GMT" time="0.007" errors="0">
  <testcase name="linkedListExample" time="0.007" classname="com.learnings.test.LinkedListExample"/>
</testsuite> <!-- com.learnings.test.LinkedListExample -->
