<?xml version="1.0" encoding="UTF-8"?>
<!-- Generated by org.testng.reporters.JUnitReportReporter -->
<testsuite hostname="360NDCPC104" name="com.automation.practice.DynamicDropdownValueSelection" tests="1" failures="0" timestamp="22 Sep 2017 11:48:06 GMT" time="43.171" errors="0">
  <testcase name="dynamicValueSelection" time="43.171" classname="com.automation.practice.DynamicDropdownValueSelection"/>
</testsuite> <!-- com.automation.practice.DynamicDropdownValueSelection -->
