<?xml version="1.0" encoding="UTF-8"?>
<!-- Generated by org.testng.reporters.JUnitReportReporter -->
<testsuite hostname="360NDCPC104" name="com.automation.practice.PasswordVerification" tests="1" failures="0" timestamp="22 Sep 2017 07:12:35 GMT" time="8.398" errors="0">
  <testcase name="fbPassword" time="8.398" classname="com.automation.practice.PasswordVerification"/>
</testsuite> <!-- com.automation.practice.PasswordVerification -->
