<?xml version="1.0" encoding="UTF-8"?>
<!-- Generated by org.testng.reporters.JUnitReportReporter -->
<testsuite hostname="360NDCPC104" name="com.learnings.test.AnnotationsExample" tests="2" failures="0" timestamp="16 Aug 2017 14:04:26 GMT" time="0.006" errors="0">
  <testcase name="testCase2" time="0.001" classname="com.learnings.test.AnnotationsExample"/>
  <testcase name="testCase1" time="0.005" classname="com.learnings.test.AnnotationsExample"/>
</testsuite> <!-- com.learnings.test.AnnotationsExample -->
