<?xml version="1.0" encoding="UTF-8"?>
<!-- Generated by org.testng.reporters.JUnitReportReporter -->
<testsuite hostname="360NDCPC104" name="com.maventest.TestExample.NewTest" tests="1" failures="0" timestamp="17 Aug 2017 13:59:53 GMT" time="0.001" errors="0">
  <testcase name="f" time="0.001" classname="com.maventest.TestExample.NewTest"/>
</testsuite> <!-- com.maventest.TestExample.NewTest -->
