<?xml version="1.0" encoding="UTF-8"?>
<!-- Generated by org.testng.reporters.JUnitReportReporter -->
<testsuite skipped="0" hostname="360NDCPC104" name="com.maventest.TestExample.AssertVerifyExample" tests="1" failures="0" timestamp="29 Aug 2017 09:51:04 GMT" time="0.031" errors="0">
  <testcase name="test_UsingHardAssertion" time="0.031" classname="com.maventest.TestExample.AssertVerifyExample"/>
</testsuite> <!-- com.maventest.TestExample.AssertVerifyExample -->
