<?xml version="1.0" encoding="UTF-8"?>
<!-- Generated by org.testng.reporters.JUnitReportReporter -->
<testsuite skipped="0" hostname="360NDCPC104" name="com.maventest.TestExample.NavigationExamples" tests="3" failures="0" timestamp="23 Aug 2017 10:48:20 GMT" time="14.833" errors="0">
  <testcase name="NavigateToBack" time="0.743" classname="com.maventest.TestExample.NavigationExamples"/>
  <testcase name="Refresh" time="13.139" classname="com.maventest.TestExample.NavigationExamples"/>
  <testcase name="NavigateToForward" time="0.951" classname="com.maventest.TestExample.NavigationExamples"/>
</testsuite> <!-- com.maventest.TestExample.NavigationExamples -->
