<?xml version="1.0" encoding="UTF-8"?>
<!-- Generated by org.testng.reporters.JUnitReportReporter -->
<testsuite skipped="0" hostname="360NDCPC104" name="com.maventest.TestExample.FactoryExampleClass" tests="3" failures="0" timestamp="22 Aug 2017 14:41:32 GMT" time="0.009" errors="0">
  <testcase name="testmethod" time="0.006" classname="com.maventest.TestExample.FactoryExampleClass"/>
  <testcase name="testmethod" time="0.001" classname="com.maventest.TestExample.FactoryExampleClass"/>
  <testcase name="testmethod" time="0.002" classname="com.maventest.TestExample.FactoryExampleClass"/>
</testsuite> <!-- com.maventest.TestExample.FactoryExampleClass -->
