<?xml version="1.0" encoding="UTF-8"?>
<!-- Generated by org.testng.reporters.JUnitReportReporter -->
<testsuite skipped="0" hostname="360NDCPC104" name="com.maventest.TestExample.TestngParameters" tests="1" failures="0" timestamp="29 Aug 2017 10:34:08 GMT" time="100.559" errors="0">
  <testcase name="test" time="100.559" classname="com.maventest.TestExample.TestngParameters"/>
</testsuite> <!-- com.maventest.TestExample.TestngParameters -->
