<?xml version="1.0" encoding="UTF-8"?>
<!-- Generated by org.testng.reporters.JUnitReportReporter -->
<testsuite skipped="0" hostname="360NDCPC104" name="com.maventest.TestExample.DataProviderClass" tests="3" failures="0" timestamp="22 Aug 2017 14:31:32 GMT" time="0.008" errors="0">
  <testcase name="testMethod" time="0.001" classname="com.maventest.TestExample.DataProviderClass"/>
  <testcase name="testMethod" time="0.004" classname="com.maventest.TestExample.DataProviderClass"/>
  <testcase name="testMethod" time="0.003" classname="com.maventest.TestExample.DataProviderClass"/>
</testsuite> <!-- com.maventest.TestExample.DataProviderClass -->
