<?xml version="1.0" encoding="UTF-8"?>
<!-- Generated by org.testng.reporters.JUnitReportReporter -->
<testsuite skipped="0" hostname="360NDCPC104" name="com.maventest.TestExample.MultipleActions.DemoDragDrop" tests="1" failures="0" timestamp="30 Aug 2017 14:05:41 GMT" time="13.734" errors="0">
  <testcase name="dragAndDropTest" time="13.734" classname="com.maventest.TestExample.MultipleActions.DemoDragDrop"/>
</testsuite> <!-- com.maventest.TestExample.MultipleActions.DemoDragDrop -->
