<?xml version="1.0" encoding="UTF-8"?>
<!-- Generated by org.testng.reporters.JUnitReportReporter -->
<testsuite skipped="0" hostname="360NDCPC104" name="com.maventest.TestExample.FactoryTest" tests="1" failures="0" timestamp="22 Aug 2017 12:59:23 GMT" time="0.005" errors="0">
  <testcase name="testMethod" time="0.005" classname="com.maventest.TestExample.FactoryTest"/>
</testsuite> <!-- com.maventest.TestExample.FactoryTest -->
