<?xml version="1.0" encoding="UTF-8"?>
<!-- Generated by org.testng.reporters.JUnitReportReporter -->
<testsuite skipped="0" hostname="360NDCPC104" name="com.maventest.TestExample.NewTest" tests="1" failures="0" timestamp="17 Aug 2017 14:06:46 GMT" time="73.028" errors="0">
  <testcase name="testEasy" time="73.028" classname="com.maventest.TestExample.NewTest"/>
</testsuite> <!-- com.maventest.TestExample.NewTest -->
