<?xml version="1.0" encoding="UTF-8"?>
<!-- Generated by org.testng.reporters.JUnitReportReporter -->
<testsuite skipped="0" hostname="360NDCPC104" name="com.maventest.TestExample.SimpleTest" tests="2" failures="0" timestamp="23 Aug 2017 06:38:39 GMT" time="0.000" errors="0">
  <testcase name="TestMethod" time="0.000" classname="com.maventest.TestExample.SimpleTest"/>
  <testcase name="TestMethod" time="0.000" classname="com.maventest.TestExample.SimpleTest"/>
</testsuite> <!-- com.maventest.TestExample.SimpleTest -->
